
state 0
	$accept: .start $end 

	LET  shift 6
	TERMINATOR  shift 4
	.  error

	assignment_expr  goto 5
	declaration  goto 3
	declarations  goto 2
	start  goto 1

state 1
	$accept:  start.$end 

	$end  accept
	.  error


state 2
	start:  declarations.    (1)
	declarations:  declarations.declaration 

	LET  shift 6
	TERMINATOR  shift 4
	.  reduce 1 (src line 58)

	assignment_expr  goto 5
	declaration  goto 7

state 3
	declarations:  declaration.    (2)

	.  reduce 2 (src line 65)


state 4
	declaration:  TERMINATOR.    (4)

	.  reduce 4 (src line 77)


state 5
	declaration:  assignment_expr.TERMINATOR 

	TERMINATOR  shift 8
	.  error


state 6
	assignment_expr:  LET.IDENT ASSIGN expr 

	IDENT  shift 9
	.  error


state 7
	declarations:  declarations declaration.    (3)

	.  reduce 3 (src line 69)


state 8
	declaration:  assignment_expr TERMINATOR.    (5)

	.  reduce 5 (src line 81)


state 9
	assignment_expr:  LET IDENT.ASSIGN expr 

	ASSIGN  shift 10
	.  error


state 10
	assignment_expr:  LET IDENT ASSIGN.expr 

	L_BRACE  shift 23
	L_PAREN  shift 22
	NOT  shift 15
	SUB  shift 14
	IDENT  shift 16
	CHAR  shift 17
	STRING  shift 18
	INT  shift 19
	FLOAT  shift 20
	.  error

	expr  goto 11
	unit_expr  goto 13
	composable_expr  goto 12
	expr_block  goto 21

state 11
	assignment_expr:  LET IDENT ASSIGN expr.    (45)

	.  reduce 45 (src line 430)


state 12
	expr:  composable_expr.    (6)
	composable_expr:  composable_expr.OR composable_expr 
	composable_expr:  composable_expr.AND composable_expr 
	composable_expr:  composable_expr.LT composable_expr 
	composable_expr:  composable_expr.GT composable_expr 
	composable_expr:  composable_expr.EQ composable_expr 
	composable_expr:  composable_expr.NE composable_expr 
	composable_expr:  composable_expr.LE composable_expr 
	composable_expr:  composable_expr.GE composable_expr 
	composable_expr:  composable_expr.BITWISE_OR composable_expr 
	composable_expr:  composable_expr.BITWISE_AND composable_expr 
	composable_expr:  composable_expr.XOR composable_expr 
	composable_expr:  composable_expr.L_SHIFT composable_expr 
	composable_expr:  composable_expr.R_SHIFT composable_expr 
	composable_expr:  composable_expr.ADD composable_expr 
	composable_expr:  composable_expr.SUB composable_expr 
	composable_expr:  composable_expr.MUL composable_expr 
	composable_expr:  composable_expr.DIV composable_expr 
	composable_expr:  composable_expr.MOD composable_expr 

	OR  shift 24
	AND  shift 25
	LT  shift 26
	GT  shift 27
	EQ  shift 28
	NE  shift 29
	LE  shift 30
	GE  shift 31
	BITWISE_OR  shift 32
	BITWISE_AND  shift 33
	XOR  shift 34
	L_SHIFT  shift 35
	R_SHIFT  shift 36
	ADD  shift 37
	SUB  shift 38
	MUL  shift 39
	DIV  shift 40
	MOD  shift 41
	.  reduce 6 (src line 86)


state 13
	unit_expr:  unit_expr.DOT IDENT 
	unit_expr:  unit_expr.L_PAREN argument_list R_PAREN 
	composable_expr:  unit_expr.    (16)

	L_PAREN  shift 43
	DOT  shift 42
	.  reduce 16 (src line 154)


state 14
	composable_expr:  SUB.composable_expr 

	L_BRACE  shift 23
	L_PAREN  shift 22
	NOT  shift 15
	SUB  shift 14
	IDENT  shift 16
	CHAR  shift 17
	STRING  shift 18
	INT  shift 19
	FLOAT  shift 20
	.  error

	unit_expr  goto 13
	composable_expr  goto 44
	expr_block  goto 21

state 15
	composable_expr:  NOT.composable_expr 

	L_BRACE  shift 23
	L_PAREN  shift 22
	NOT  shift 15
	SUB  shift 14
	IDENT  shift 16
	CHAR  shift 17
	STRING  shift 18
	INT  shift 19
	FLOAT  shift 20
	.  error

	unit_expr  goto 13
	composable_expr  goto 45
	expr_block  goto 21

state 16
	unit_expr:  IDENT.    (7)

	.  reduce 7 (src line 92)


state 17
	unit_expr:  CHAR.    (8)

	.  reduce 8 (src line 99)


state 18
	unit_expr:  STRING.    (9)

	.  reduce 9 (src line 105)


state 19
	unit_expr:  INT.    (10)

	.  reduce 10 (src line 111)


state 20
	unit_expr:  FLOAT.    (11)

	.  reduce 11 (src line 117)


state 21
	unit_expr:  expr_block.    (12)

	.  reduce 12 (src line 123)


state 22
	unit_expr:  L_PAREN.composable_expr R_PAREN 

	L_BRACE  shift 23
	L_PAREN  shift 22
	NOT  shift 15
	SUB  shift 14
	IDENT  shift 16
	CHAR  shift 17
	STRING  shift 18
	INT  shift 19
	FLOAT  shift 20
	.  error

	unit_expr  goto 13
	composable_expr  goto 46
	expr_block  goto 21

state 23
	expr_block:  L_BRACE.statement_list R_BRACE 

	L_BRACE  shift 23
	L_PAREN  shift 22
	NOT  shift 15
	SUB  shift 14
	IDENT  shift 16
	CHAR  shift 17
	STRING  shift 18
	INT  shift 19
	FLOAT  shift 20
	.  error

	expr  goto 49
	unit_expr  goto 13
	composable_expr  goto 12
	expr_block  goto 21
	statement_list  goto 47
	statement  goto 48

state 24
	composable_expr:  composable_expr OR.composable_expr 

	L_BRACE  shift 23
	L_PAREN  shift 22
	NOT  shift 15
	SUB  shift 14
	IDENT  shift 16
	CHAR  shift 17
	STRING  shift 18
	INT  shift 19
	FLOAT  shift 20
	.  error

	unit_expr  goto 13
	composable_expr  goto 50
	expr_block  goto 21

state 25
	composable_expr:  composable_expr AND.composable_expr 

	L_BRACE  shift 23
	L_PAREN  shift 22
	NOT  shift 15
	SUB  shift 14
	IDENT  shift 16
	CHAR  shift 17
	STRING  shift 18
	INT  shift 19
	FLOAT  shift 20
	.  error

	unit_expr  goto 13
	composable_expr  goto 51
	expr_block  goto 21

state 26
	composable_expr:  composable_expr LT.composable_expr 

	L_BRACE  shift 23
	L_PAREN  shift 22
	NOT  shift 15
	SUB  shift 14
	IDENT  shift 16
	CHAR  shift 17
	STRING  shift 18
	INT  shift 19
	FLOAT  shift 20
	.  error

	unit_expr  goto 13
	composable_expr  goto 52
	expr_block  goto 21

state 27
	composable_expr:  composable_expr GT.composable_expr 

	L_BRACE  shift 23
	L_PAREN  shift 22
	NOT  shift 15
	SUB  shift 14
	IDENT  shift 16
	CHAR  shift 17
	STRING  shift 18
	INT  shift 19
	FLOAT  shift 20
	.  error

	unit_expr  goto 13
	composable_expr  goto 53
	expr_block  goto 21

state 28
	composable_expr:  composable_expr EQ.composable_expr 

	L_BRACE  shift 23
	L_PAREN  shift 22
	NOT  shift 15
	SUB  shift 14
	IDENT  shift 16
	CHAR  shift 17
	STRING  shift 18
	INT  shift 19
	FLOAT  shift 20
	.  error

	unit_expr  goto 13
	composable_expr  goto 54
	expr_block  goto 21

state 29
	composable_expr:  composable_expr NE.composable_expr 

	L_BRACE  shift 23
	L_PAREN  shift 22
	NOT  shift 15
	SUB  shift 14
	IDENT  shift 16
	CHAR  shift 17
	STRING  shift 18
	INT  shift 19
	FLOAT  shift 20
	.  error

	unit_expr  goto 13
	composable_expr  goto 55
	expr_block  goto 21

state 30
	composable_expr:  composable_expr LE.composable_expr 

	L_BRACE  shift 23
	L_PAREN  shift 22
	NOT  shift 15
	SUB  shift 14
	IDENT  shift 16
	CHAR  shift 17
	STRING  shift 18
	INT  shift 19
	FLOAT  shift 20
	.  error

	unit_expr  goto 13
	composable_expr  goto 56
	expr_block  goto 21

state 31
	composable_expr:  composable_expr GE.composable_expr 

	L_BRACE  shift 23
	L_PAREN  shift 22
	NOT  shift 15
	SUB  shift 14
	IDENT  shift 16
	CHAR  shift 17
	STRING  shift 18
	INT  shift 19
	FLOAT  shift 20
	.  error

	unit_expr  goto 13
	composable_expr  goto 57
	expr_block  goto 21

state 32
	composable_expr:  composable_expr BITWISE_OR.composable_expr 

	L_BRACE  shift 23
	L_PAREN  shift 22
	NOT  shift 15
	SUB  shift 14
	IDENT  shift 16
	CHAR  shift 17
	STRING  shift 18
	INT  shift 19
	FLOAT  shift 20
	.  error

	unit_expr  goto 13
	composable_expr  goto 58
	expr_block  goto 21

state 33
	composable_expr:  composable_expr BITWISE_AND.composable_expr 

	L_BRACE  shift 23
	L_PAREN  shift 22
	NOT  shift 15
	SUB  shift 14
	IDENT  shift 16
	CHAR  shift 17
	STRING  shift 18
	INT  shift 19
	FLOAT  shift 20
	.  error

	unit_expr  goto 13
	composable_expr  goto 59
	expr_block  goto 21

state 34
	composable_expr:  composable_expr XOR.composable_expr 

	L_BRACE  shift 23
	L_PAREN  shift 22
	NOT  shift 15
	SUB  shift 14
	IDENT  shift 16
	CHAR  shift 17
	STRING  shift 18
	INT  shift 19
	FLOAT  shift 20
	.  error

	unit_expr  goto 13
	composable_expr  goto 60
	expr_block  goto 21

state 35
	composable_expr:  composable_expr L_SHIFT.composable_expr 

	L_BRACE  shift 23
	L_PAREN  shift 22
	NOT  shift 15
	SUB  shift 14
	IDENT  shift 16
	CHAR  shift 17
	STRING  shift 18
	INT  shift 19
	FLOAT  shift 20
	.  error

	unit_expr  goto 13
	composable_expr  goto 61
	expr_block  goto 21

state 36
	composable_expr:  composable_expr R_SHIFT.composable_expr 

	L_BRACE  shift 23
	L_PAREN  shift 22
	NOT  shift 15
	SUB  shift 14
	IDENT  shift 16
	CHAR  shift 17
	STRING  shift 18
	INT  shift 19
	FLOAT  shift 20
	.  error

	unit_expr  goto 13
	composable_expr  goto 62
	expr_block  goto 21

state 37
	composable_expr:  composable_expr ADD.composable_expr 

	L_BRACE  shift 23
	L_PAREN  shift 22
	NOT  shift 15
	SUB  shift 14
	IDENT  shift 16
	CHAR  shift 17
	STRING  shift 18
	INT  shift 19
	FLOAT  shift 20
	.  error

	unit_expr  goto 13
	composable_expr  goto 63
	expr_block  goto 21

state 38
	composable_expr:  composable_expr SUB.composable_expr 

	L_BRACE  shift 23
	L_PAREN  shift 22
	NOT  shift 15
	SUB  shift 14
	IDENT  shift 16
	CHAR  shift 17
	STRING  shift 18
	INT  shift 19
	FLOAT  shift 20
	.  error

	unit_expr  goto 13
	composable_expr  goto 64
	expr_block  goto 21

state 39
	composable_expr:  composable_expr MUL.composable_expr 

	L_BRACE  shift 23
	L_PAREN  shift 22
	NOT  shift 15
	SUB  shift 14
	IDENT  shift 16
	CHAR  shift 17
	STRING  shift 18
	INT  shift 19
	FLOAT  shift 20
	.  error

	unit_expr  goto 13
	composable_expr  goto 65
	expr_block  goto 21

state 40
	composable_expr:  composable_expr DIV.composable_expr 

	L_BRACE  shift 23
	L_PAREN  shift 22
	NOT  shift 15
	SUB  shift 14
	IDENT  shift 16
	CHAR  shift 17
	STRING  shift 18
	INT  shift 19
	FLOAT  shift 20
	.  error

	unit_expr  goto 13
	composable_expr  goto 66
	expr_block  goto 21

state 41
	composable_expr:  composable_expr MOD.composable_expr 

	L_BRACE  shift 23
	L_PAREN  shift 22
	NOT  shift 15
	SUB  shift 14
	IDENT  shift 16
	CHAR  shift 17
	STRING  shift 18
	INT  shift 19
	FLOAT  shift 20
	.  error

	unit_expr  goto 13
	composable_expr  goto 67
	expr_block  goto 21

state 42
	unit_expr:  unit_expr DOT.IDENT 

	IDENT  shift 68
	.  error


state 43
	unit_expr:  unit_expr L_PAREN.argument_list R_PAREN 
	argument_list: .    (41)

	L_BRACE  shift 23
	L_PAREN  shift 22
	NOT  shift 15
	SUB  shift 14
	IDENT  shift 16
	CHAR  shift 17
	STRING  shift 18
	INT  shift 19
	FLOAT  shift 20
	.  reduce 41 (src line 416)

	unit_expr  goto 13
	composable_expr  goto 71
	expr_block  goto 21
	argument_list  goto 69
	nonempty_argument_list  goto 70

state 44
	composable_expr:  composable_expr.OR composable_expr 
	composable_expr:  composable_expr.AND composable_expr 
	composable_expr:  composable_expr.LT composable_expr 
	composable_expr:  composable_expr.GT composable_expr 
	composable_expr:  composable_expr.EQ composable_expr 
	composable_expr:  composable_expr.NE composable_expr 
	composable_expr:  composable_expr.LE composable_expr 
	composable_expr:  composable_expr.GE composable_expr 
	composable_expr:  composable_expr.BITWISE_OR composable_expr 
	composable_expr:  composable_expr.BITWISE_AND composable_expr 
	composable_expr:  composable_expr.XOR composable_expr 
	composable_expr:  composable_expr.L_SHIFT composable_expr 
	composable_expr:  composable_expr.R_SHIFT composable_expr 
	composable_expr:  composable_expr.ADD composable_expr 
	composable_expr:  composable_expr.SUB composable_expr 
	composable_expr:  composable_expr.MUL composable_expr 
	composable_expr:  composable_expr.DIV composable_expr 
	composable_expr:  composable_expr.MOD composable_expr 
	composable_expr:  SUB composable_expr.    (35)

	.  reduce 35 (src line 374)


state 45
	composable_expr:  composable_expr.OR composable_expr 
	composable_expr:  composable_expr.AND composable_expr 
	composable_expr:  composable_expr.LT composable_expr 
	composable_expr:  composable_expr.GT composable_expr 
	composable_expr:  composable_expr.EQ composable_expr 
	composable_expr:  composable_expr.NE composable_expr 
	composable_expr:  composable_expr.LE composable_expr 
	composable_expr:  composable_expr.GE composable_expr 
	composable_expr:  composable_expr.BITWISE_OR composable_expr 
	composable_expr:  composable_expr.BITWISE_AND composable_expr 
	composable_expr:  composable_expr.XOR composable_expr 
	composable_expr:  composable_expr.L_SHIFT composable_expr 
	composable_expr:  composable_expr.R_SHIFT composable_expr 
	composable_expr:  composable_expr.ADD composable_expr 
	composable_expr:  composable_expr.SUB composable_expr 
	composable_expr:  composable_expr.MUL composable_expr 
	composable_expr:  composable_expr.DIV composable_expr 
	composable_expr:  composable_expr.MOD composable_expr 
	composable_expr:  NOT composable_expr.    (36)

	LT  shift 26
	GT  shift 27
	EQ  shift 28
	NE  shift 29
	LE  shift 30
	GE  shift 31
	BITWISE_OR  shift 32
	BITWISE_AND  shift 33
	XOR  shift 34
	L_SHIFT  shift 35
	R_SHIFT  shift 36
	ADD  shift 37
	SUB  shift 38
	MUL  shift 39
	DIV  shift 40
	MOD  shift 41
	.  reduce 36 (src line 385)


state 46
	unit_expr:  L_PAREN composable_expr.R_PAREN 
	composable_expr:  composable_expr.OR composable_expr 
	composable_expr:  composable_expr.AND composable_expr 
	composable_expr:  composable_expr.LT composable_expr 
	composable_expr:  composable_expr.GT composable_expr 
	composable_expr:  composable_expr.EQ composable_expr 
	composable_expr:  composable_expr.NE composable_expr 
	composable_expr:  composable_expr.LE composable_expr 
	composable_expr:  composable_expr.GE composable_expr 
	composable_expr:  composable_expr.BITWISE_OR composable_expr 
	composable_expr:  composable_expr.BITWISE_AND composable_expr 
	composable_expr:  composable_expr.XOR composable_expr 
	composable_expr:  composable_expr.L_SHIFT composable_expr 
	composable_expr:  composable_expr.R_SHIFT composable_expr 
	composable_expr:  composable_expr.ADD composable_expr 
	composable_expr:  composable_expr.SUB composable_expr 
	composable_expr:  composable_expr.MUL composable_expr 
	composable_expr:  composable_expr.DIV composable_expr 
	composable_expr:  composable_expr.MOD composable_expr 

	R_PAREN  shift 72
	OR  shift 24
	AND  shift 25
	LT  shift 26
	GT  shift 27
	EQ  shift 28
	NE  shift 29
	LE  shift 30
	GE  shift 31
	BITWISE_OR  shift 32
	BITWISE_AND  shift 33
	XOR  shift 34
	L_SHIFT  shift 35
	R_SHIFT  shift 36
	ADD  shift 37
	SUB  shift 38
	MUL  shift 39
	DIV  shift 40
	MOD  shift 41
	.  error


state 47
	expr_block:  L_BRACE statement_list.R_BRACE 

	R_BRACE  shift 73
	.  error


state 48
	statement_list:  statement.    (38)
	statement_list:  statement.statement_list 

	L_BRACE  shift 23
	L_PAREN  shift 22
	NOT  shift 15
	SUB  shift 14
	IDENT  shift 16
	CHAR  shift 17
	STRING  shift 18
	INT  shift 19
	FLOAT  shift 20
	.  reduce 38 (src line 404)

	expr  goto 49
	unit_expr  goto 13
	composable_expr  goto 12
	expr_block  goto 21
	statement_list  goto 74
	statement  goto 48

state 49
	statement:  expr.TERMINATOR 

	TERMINATOR  shift 75
	.  error


state 50
	composable_expr:  composable_expr.OR composable_expr 
	composable_expr:  composable_expr OR composable_expr.    (17)
	composable_expr:  composable_expr.AND composable_expr 
	composable_expr:  composable_expr.LT composable_expr 
	composable_expr:  composable_expr.GT composable_expr 
	composable_expr:  composable_expr.EQ composable_expr 
	composable_expr:  composable_expr.NE composable_expr 
	composable_expr:  composable_expr.LE composable_expr 
	composable_expr:  composable_expr.GE composable_expr 
	composable_expr:  composable_expr.BITWISE_OR composable_expr 
	composable_expr:  composable_expr.BITWISE_AND composable_expr 
	composable_expr:  composable_expr.XOR composable_expr 
	composable_expr:  composable_expr.L_SHIFT composable_expr 
	composable_expr:  composable_expr.R_SHIFT composable_expr 
	composable_expr:  composable_expr.ADD composable_expr 
	composable_expr:  composable_expr.SUB composable_expr 
	composable_expr:  composable_expr.MUL composable_expr 
	composable_expr:  composable_expr.DIV composable_expr 
	composable_expr:  composable_expr.MOD composable_expr 

	AND  shift 25
	LT  shift 26
	GT  shift 27
	EQ  shift 28
	NE  shift 29
	LE  shift 30
	GE  shift 31
	BITWISE_OR  shift 32
	BITWISE_AND  shift 33
	XOR  shift 34
	L_SHIFT  shift 35
	R_SHIFT  shift 36
	ADD  shift 37
	SUB  shift 38
	MUL  shift 39
	DIV  shift 40
	MOD  shift 41
	.  reduce 17 (src line 158)


state 51
	composable_expr:  composable_expr.OR composable_expr 
	composable_expr:  composable_expr.AND composable_expr 
	composable_expr:  composable_expr AND composable_expr.    (18)
	composable_expr:  composable_expr.LT composable_expr 
	composable_expr:  composable_expr.GT composable_expr 
	composable_expr:  composable_expr.EQ composable_expr 
	composable_expr:  composable_expr.NE composable_expr 
	composable_expr:  composable_expr.LE composable_expr 
	composable_expr:  composable_expr.GE composable_expr 
	composable_expr:  composable_expr.BITWISE_OR composable_expr 
	composable_expr:  composable_expr.BITWISE_AND composable_expr 
	composable_expr:  composable_expr.XOR composable_expr 
	composable_expr:  composable_expr.L_SHIFT composable_expr 
	composable_expr:  composable_expr.R_SHIFT composable_expr 
	composable_expr:  composable_expr.ADD composable_expr 
	composable_expr:  composable_expr.SUB composable_expr 
	composable_expr:  composable_expr.MUL composable_expr 
	composable_expr:  composable_expr.DIV composable_expr 
	composable_expr:  composable_expr.MOD composable_expr 

	LT  shift 26
	GT  shift 27
	EQ  shift 28
	NE  shift 29
	LE  shift 30
	GE  shift 31
	BITWISE_OR  shift 32
	BITWISE_AND  shift 33
	XOR  shift 34
	L_SHIFT  shift 35
	R_SHIFT  shift 36
	ADD  shift 37
	SUB  shift 38
	MUL  shift 39
	DIV  shift 40
	MOD  shift 41
	.  reduce 18 (src line 170)


state 52
	composable_expr:  composable_expr.OR composable_expr 
	composable_expr:  composable_expr.AND composable_expr 
	composable_expr:  composable_expr.LT composable_expr 
	composable_expr:  composable_expr LT composable_expr.    (19)
	composable_expr:  composable_expr.GT composable_expr 
	composable_expr:  composable_expr.EQ composable_expr 
	composable_expr:  composable_expr.NE composable_expr 
	composable_expr:  composable_expr.LE composable_expr 
	composable_expr:  composable_expr.GE composable_expr 
	composable_expr:  composable_expr.BITWISE_OR composable_expr 
	composable_expr:  composable_expr.BITWISE_AND composable_expr 
	composable_expr:  composable_expr.XOR composable_expr 
	composable_expr:  composable_expr.L_SHIFT composable_expr 
	composable_expr:  composable_expr.R_SHIFT composable_expr 
	composable_expr:  composable_expr.ADD composable_expr 
	composable_expr:  composable_expr.SUB composable_expr 
	composable_expr:  composable_expr.MUL composable_expr 
	composable_expr:  composable_expr.DIV composable_expr 
	composable_expr:  composable_expr.MOD composable_expr 

	BITWISE_OR  shift 32
	BITWISE_AND  shift 33
	XOR  shift 34
	L_SHIFT  shift 35
	R_SHIFT  shift 36
	ADD  shift 37
	SUB  shift 38
	MUL  shift 39
	DIV  shift 40
	MOD  shift 41
	.  reduce 19 (src line 182)


state 53
	composable_expr:  composable_expr.OR composable_expr 
	composable_expr:  composable_expr.AND composable_expr 
	composable_expr:  composable_expr.LT composable_expr 
	composable_expr:  composable_expr.GT composable_expr 
	composable_expr:  composable_expr GT composable_expr.    (20)
	composable_expr:  composable_expr.EQ composable_expr 
	composable_expr:  composable_expr.NE composable_expr 
	composable_expr:  composable_expr.LE composable_expr 
	composable_expr:  composable_expr.GE composable_expr 
	composable_expr:  composable_expr.BITWISE_OR composable_expr 
	composable_expr:  composable_expr.BITWISE_AND composable_expr 
	composable_expr:  composable_expr.XOR composable_expr 
	composable_expr:  composable_expr.L_SHIFT composable_expr 
	composable_expr:  composable_expr.R_SHIFT composable_expr 
	composable_expr:  composable_expr.ADD composable_expr 
	composable_expr:  composable_expr.SUB composable_expr 
	composable_expr:  composable_expr.MUL composable_expr 
	composable_expr:  composable_expr.DIV composable_expr 
	composable_expr:  composable_expr.MOD composable_expr 

	BITWISE_OR  shift 32
	BITWISE_AND  shift 33
	XOR  shift 34
	L_SHIFT  shift 35
	R_SHIFT  shift 36
	ADD  shift 37
	SUB  shift 38
	MUL  shift 39
	DIV  shift 40
	MOD  shift 41
	.  reduce 20 (src line 194)


state 54
	composable_expr:  composable_expr.OR composable_expr 
	composable_expr:  composable_expr.AND composable_expr 
	composable_expr:  composable_expr.LT composable_expr 
	composable_expr:  composable_expr.GT composable_expr 
	composable_expr:  composable_expr.EQ composable_expr 
	composable_expr:  composable_expr EQ composable_expr.    (21)
	composable_expr:  composable_expr.NE composable_expr 
	composable_expr:  composable_expr.LE composable_expr 
	composable_expr:  composable_expr.GE composable_expr 
	composable_expr:  composable_expr.BITWISE_OR composable_expr 
	composable_expr:  composable_expr.BITWISE_AND composable_expr 
	composable_expr:  composable_expr.XOR composable_expr 
	composable_expr:  composable_expr.L_SHIFT composable_expr 
	composable_expr:  composable_expr.R_SHIFT composable_expr 
	composable_expr:  composable_expr.ADD composable_expr 
	composable_expr:  composable_expr.SUB composable_expr 
	composable_expr:  composable_expr.MUL composable_expr 
	composable_expr:  composable_expr.DIV composable_expr 
	composable_expr:  composable_expr.MOD composable_expr 

	BITWISE_OR  shift 32
	BITWISE_AND  shift 33
	XOR  shift 34
	L_SHIFT  shift 35
	R_SHIFT  shift 36
	ADD  shift 37
	SUB  shift 38
	MUL  shift 39
	DIV  shift 40
	MOD  shift 41
	.  reduce 21 (src line 206)


state 55
	composable_expr:  composable_expr.OR composable_expr 
	composable_expr:  composable_expr.AND composable_expr 
	composable_expr:  composable_expr.LT composable_expr 
	composable_expr:  composable_expr.GT composable_expr 
	composable_expr:  composable_expr.EQ composable_expr 
	composable_expr:  composable_expr.NE composable_expr 
	composable_expr:  composable_expr NE composable_expr.    (22)
	composable_expr:  composable_expr.LE composable_expr 
	composable_expr:  composable_expr.GE composable_expr 
	composable_expr:  composable_expr.BITWISE_OR composable_expr 
	composable_expr:  composable_expr.BITWISE_AND composable_expr 
	composable_expr:  composable_expr.XOR composable_expr 
	composable_expr:  composable_expr.L_SHIFT composable_expr 
	composable_expr:  composable_expr.R_SHIFT composable_expr 
	composable_expr:  composable_expr.ADD composable_expr 
	composable_expr:  composable_expr.SUB composable_expr 
	composable_expr:  composable_expr.MUL composable_expr 
	composable_expr:  composable_expr.DIV composable_expr 
	composable_expr:  composable_expr.MOD composable_expr 

	BITWISE_OR  shift 32
	BITWISE_AND  shift 33
	XOR  shift 34
	L_SHIFT  shift 35
	R_SHIFT  shift 36
	ADD  shift 37
	SUB  shift 38
	MUL  shift 39
	DIV  shift 40
	MOD  shift 41
	.  reduce 22 (src line 218)


state 56
	composable_expr:  composable_expr.OR composable_expr 
	composable_expr:  composable_expr.AND composable_expr 
	composable_expr:  composable_expr.LT composable_expr 
	composable_expr:  composable_expr.GT composable_expr 
	composable_expr:  composable_expr.EQ composable_expr 
	composable_expr:  composable_expr.NE composable_expr 
	composable_expr:  composable_expr.LE composable_expr 
	composable_expr:  composable_expr LE composable_expr.    (23)
	composable_expr:  composable_expr.GE composable_expr 
	composable_expr:  composable_expr.BITWISE_OR composable_expr 
	composable_expr:  composable_expr.BITWISE_AND composable_expr 
	composable_expr:  composable_expr.XOR composable_expr 
	composable_expr:  composable_expr.L_SHIFT composable_expr 
	composable_expr:  composable_expr.R_SHIFT composable_expr 
	composable_expr:  composable_expr.ADD composable_expr 
	composable_expr:  composable_expr.SUB composable_expr 
	composable_expr:  composable_expr.MUL composable_expr 
	composable_expr:  composable_expr.DIV composable_expr 
	composable_expr:  composable_expr.MOD composable_expr 

	BITWISE_OR  shift 32
	BITWISE_AND  shift 33
	XOR  shift 34
	L_SHIFT  shift 35
	R_SHIFT  shift 36
	ADD  shift 37
	SUB  shift 38
	MUL  shift 39
	DIV  shift 40
	MOD  shift 41
	.  reduce 23 (src line 230)


state 57
	composable_expr:  composable_expr.OR composable_expr 
	composable_expr:  composable_expr.AND composable_expr 
	composable_expr:  composable_expr.LT composable_expr 
	composable_expr:  composable_expr.GT composable_expr 
	composable_expr:  composable_expr.EQ composable_expr 
	composable_expr:  composable_expr.NE composable_expr 
	composable_expr:  composable_expr.LE composable_expr 
	composable_expr:  composable_expr.GE composable_expr 
	composable_expr:  composable_expr GE composable_expr.    (24)
	composable_expr:  composable_expr.BITWISE_OR composable_expr 
	composable_expr:  composable_expr.BITWISE_AND composable_expr 
	composable_expr:  composable_expr.XOR composable_expr 
	composable_expr:  composable_expr.L_SHIFT composable_expr 
	composable_expr:  composable_expr.R_SHIFT composable_expr 
	composable_expr:  composable_expr.ADD composable_expr 
	composable_expr:  composable_expr.SUB composable_expr 
	composable_expr:  composable_expr.MUL composable_expr 
	composable_expr:  composable_expr.DIV composable_expr 
	composable_expr:  composable_expr.MOD composable_expr 

	BITWISE_OR  shift 32
	BITWISE_AND  shift 33
	XOR  shift 34
	L_SHIFT  shift 35
	R_SHIFT  shift 36
	ADD  shift 37
	SUB  shift 38
	MUL  shift 39
	DIV  shift 40
	MOD  shift 41
	.  reduce 24 (src line 242)


state 58
	composable_expr:  composable_expr.OR composable_expr 
	composable_expr:  composable_expr.AND composable_expr 
	composable_expr:  composable_expr.LT composable_expr 
	composable_expr:  composable_expr.GT composable_expr 
	composable_expr:  composable_expr.EQ composable_expr 
	composable_expr:  composable_expr.NE composable_expr 
	composable_expr:  composable_expr.LE composable_expr 
	composable_expr:  composable_expr.GE composable_expr 
	composable_expr:  composable_expr.BITWISE_OR composable_expr 
	composable_expr:  composable_expr BITWISE_OR composable_expr.    (25)
	composable_expr:  composable_expr.BITWISE_AND composable_expr 
	composable_expr:  composable_expr.XOR composable_expr 
	composable_expr:  composable_expr.L_SHIFT composable_expr 
	composable_expr:  composable_expr.R_SHIFT composable_expr 
	composable_expr:  composable_expr.ADD composable_expr 
	composable_expr:  composable_expr.SUB composable_expr 
	composable_expr:  composable_expr.MUL composable_expr 
	composable_expr:  composable_expr.DIV composable_expr 
	composable_expr:  composable_expr.MOD composable_expr 

	BITWISE_AND  shift 33
	XOR  shift 34
	L_SHIFT  shift 35
	R_SHIFT  shift 36
	ADD  shift 37
	SUB  shift 38
	MUL  shift 39
	DIV  shift 40
	MOD  shift 41
	.  reduce 25 (src line 254)


state 59
	composable_expr:  composable_expr.OR composable_expr 
	composable_expr:  composable_expr.AND composable_expr 
	composable_expr:  composable_expr.LT composable_expr 
	composable_expr:  composable_expr.GT composable_expr 
	composable_expr:  composable_expr.EQ composable_expr 
	composable_expr:  composable_expr.NE composable_expr 
	composable_expr:  composable_expr.LE composable_expr 
	composable_expr:  composable_expr.GE composable_expr 
	composable_expr:  composable_expr.BITWISE_OR composable_expr 
	composable_expr:  composable_expr.BITWISE_AND composable_expr 
	composable_expr:  composable_expr BITWISE_AND composable_expr.    (26)
	composable_expr:  composable_expr.XOR composable_expr 
	composable_expr:  composable_expr.L_SHIFT composable_expr 
	composable_expr:  composable_expr.R_SHIFT composable_expr 
	composable_expr:  composable_expr.ADD composable_expr 
	composable_expr:  composable_expr.SUB composable_expr 
	composable_expr:  composable_expr.MUL composable_expr 
	composable_expr:  composable_expr.DIV composable_expr 
	composable_expr:  composable_expr.MOD composable_expr 

	XOR  shift 34
	L_SHIFT  shift 35
	R_SHIFT  shift 36
	ADD  shift 37
	SUB  shift 38
	MUL  shift 39
	DIV  shift 40
	MOD  shift 41
	.  reduce 26 (src line 266)


state 60
	composable_expr:  composable_expr.OR composable_expr 
	composable_expr:  composable_expr.AND composable_expr 
	composable_expr:  composable_expr.LT composable_expr 
	composable_expr:  composable_expr.GT composable_expr 
	composable_expr:  composable_expr.EQ composable_expr 
	composable_expr:  composable_expr.NE composable_expr 
	composable_expr:  composable_expr.LE composable_expr 
	composable_expr:  composable_expr.GE composable_expr 
	composable_expr:  composable_expr.BITWISE_OR composable_expr 
	composable_expr:  composable_expr.BITWISE_AND composable_expr 
	composable_expr:  composable_expr.XOR composable_expr 
	composable_expr:  composable_expr XOR composable_expr.    (27)
	composable_expr:  composable_expr.L_SHIFT composable_expr 
	composable_expr:  composable_expr.R_SHIFT composable_expr 
	composable_expr:  composable_expr.ADD composable_expr 
	composable_expr:  composable_expr.SUB composable_expr 
	composable_expr:  composable_expr.MUL composable_expr 
	composable_expr:  composable_expr.DIV composable_expr 
	composable_expr:  composable_expr.MOD composable_expr 

	L_SHIFT  shift 35
	R_SHIFT  shift 36
	ADD  shift 37
	SUB  shift 38
	MUL  shift 39
	DIV  shift 40
	MOD  shift 41
	.  reduce 27 (src line 278)


state 61
	composable_expr:  composable_expr.OR composable_expr 
	composable_expr:  composable_expr.AND composable_expr 
	composable_expr:  composable_expr.LT composable_expr 
	composable_expr:  composable_expr.GT composable_expr 
	composable_expr:  composable_expr.EQ composable_expr 
	composable_expr:  composable_expr.NE composable_expr 
	composable_expr:  composable_expr.LE composable_expr 
	composable_expr:  composable_expr.GE composable_expr 
	composable_expr:  composable_expr.BITWISE_OR composable_expr 
	composable_expr:  composable_expr.BITWISE_AND composable_expr 
	composable_expr:  composable_expr.XOR composable_expr 
	composable_expr:  composable_expr.L_SHIFT composable_expr 
	composable_expr:  composable_expr L_SHIFT composable_expr.    (28)
	composable_expr:  composable_expr.R_SHIFT composable_expr 
	composable_expr:  composable_expr.ADD composable_expr 
	composable_expr:  composable_expr.SUB composable_expr 
	composable_expr:  composable_expr.MUL composable_expr 
	composable_expr:  composable_expr.DIV composable_expr 
	composable_expr:  composable_expr.MOD composable_expr 

	ADD  shift 37
	SUB  shift 38
	MUL  shift 39
	DIV  shift 40
	MOD  shift 41
	.  reduce 28 (src line 290)


state 62
	composable_expr:  composable_expr.OR composable_expr 
	composable_expr:  composable_expr.AND composable_expr 
	composable_expr:  composable_expr.LT composable_expr 
	composable_expr:  composable_expr.GT composable_expr 
	composable_expr:  composable_expr.EQ composable_expr 
	composable_expr:  composable_expr.NE composable_expr 
	composable_expr:  composable_expr.LE composable_expr 
	composable_expr:  composable_expr.GE composable_expr 
	composable_expr:  composable_expr.BITWISE_OR composable_expr 
	composable_expr:  composable_expr.BITWISE_AND composable_expr 
	composable_expr:  composable_expr.XOR composable_expr 
	composable_expr:  composable_expr.L_SHIFT composable_expr 
	composable_expr:  composable_expr.R_SHIFT composable_expr 
	composable_expr:  composable_expr R_SHIFT composable_expr.    (29)
	composable_expr:  composable_expr.ADD composable_expr 
	composable_expr:  composable_expr.SUB composable_expr 
	composable_expr:  composable_expr.MUL composable_expr 
	composable_expr:  composable_expr.DIV composable_expr 
	composable_expr:  composable_expr.MOD composable_expr 

	ADD  shift 37
	SUB  shift 38
	MUL  shift 39
	DIV  shift 40
	MOD  shift 41
	.  reduce 29 (src line 302)


state 63
	composable_expr:  composable_expr.OR composable_expr 
	composable_expr:  composable_expr.AND composable_expr 
	composable_expr:  composable_expr.LT composable_expr 
	composable_expr:  composable_expr.GT composable_expr 
	composable_expr:  composable_expr.EQ composable_expr 
	composable_expr:  composable_expr.NE composable_expr 
	composable_expr:  composable_expr.LE composable_expr 
	composable_expr:  composable_expr.GE composable_expr 
	composable_expr:  composable_expr.BITWISE_OR composable_expr 
	composable_expr:  composable_expr.BITWISE_AND composable_expr 
	composable_expr:  composable_expr.XOR composable_expr 
	composable_expr:  composable_expr.L_SHIFT composable_expr 
	composable_expr:  composable_expr.R_SHIFT composable_expr 
	composable_expr:  composable_expr.ADD composable_expr 
	composable_expr:  composable_expr ADD composable_expr.    (30)
	composable_expr:  composable_expr.SUB composable_expr 
	composable_expr:  composable_expr.MUL composable_expr 
	composable_expr:  composable_expr.DIV composable_expr 
	composable_expr:  composable_expr.MOD composable_expr 

	MUL  shift 39
	DIV  shift 40
	MOD  shift 41
	.  reduce 30 (src line 314)


state 64
	composable_expr:  composable_expr.OR composable_expr 
	composable_expr:  composable_expr.AND composable_expr 
	composable_expr:  composable_expr.LT composable_expr 
	composable_expr:  composable_expr.GT composable_expr 
	composable_expr:  composable_expr.EQ composable_expr 
	composable_expr:  composable_expr.NE composable_expr 
	composable_expr:  composable_expr.LE composable_expr 
	composable_expr:  composable_expr.GE composable_expr 
	composable_expr:  composable_expr.BITWISE_OR composable_expr 
	composable_expr:  composable_expr.BITWISE_AND composable_expr 
	composable_expr:  composable_expr.XOR composable_expr 
	composable_expr:  composable_expr.L_SHIFT composable_expr 
	composable_expr:  composable_expr.R_SHIFT composable_expr 
	composable_expr:  composable_expr.ADD composable_expr 
	composable_expr:  composable_expr.SUB composable_expr 
	composable_expr:  composable_expr SUB composable_expr.    (31)
	composable_expr:  composable_expr.MUL composable_expr 
	composable_expr:  composable_expr.DIV composable_expr 
	composable_expr:  composable_expr.MOD composable_expr 

	MUL  shift 39
	DIV  shift 40
	MOD  shift 41
	.  reduce 31 (src line 326)


state 65
	composable_expr:  composable_expr.OR composable_expr 
	composable_expr:  composable_expr.AND composable_expr 
	composable_expr:  composable_expr.LT composable_expr 
	composable_expr:  composable_expr.GT composable_expr 
	composable_expr:  composable_expr.EQ composable_expr 
	composable_expr:  composable_expr.NE composable_expr 
	composable_expr:  composable_expr.LE composable_expr 
	composable_expr:  composable_expr.GE composable_expr 
	composable_expr:  composable_expr.BITWISE_OR composable_expr 
	composable_expr:  composable_expr.BITWISE_AND composable_expr 
	composable_expr:  composable_expr.XOR composable_expr 
	composable_expr:  composable_expr.L_SHIFT composable_expr 
	composable_expr:  composable_expr.R_SHIFT composable_expr 
	composable_expr:  composable_expr.ADD composable_expr 
	composable_expr:  composable_expr.SUB composable_expr 
	composable_expr:  composable_expr.MUL composable_expr 
	composable_expr:  composable_expr MUL composable_expr.    (32)
	composable_expr:  composable_expr.DIV composable_expr 
	composable_expr:  composable_expr.MOD composable_expr 

	.  reduce 32 (src line 338)


state 66
	composable_expr:  composable_expr.OR composable_expr 
	composable_expr:  composable_expr.AND composable_expr 
	composable_expr:  composable_expr.LT composable_expr 
	composable_expr:  composable_expr.GT composable_expr 
	composable_expr:  composable_expr.EQ composable_expr 
	composable_expr:  composable_expr.NE composable_expr 
	composable_expr:  composable_expr.LE composable_expr 
	composable_expr:  composable_expr.GE composable_expr 
	composable_expr:  composable_expr.BITWISE_OR composable_expr 
	composable_expr:  composable_expr.BITWISE_AND composable_expr 
	composable_expr:  composable_expr.XOR composable_expr 
	composable_expr:  composable_expr.L_SHIFT composable_expr 
	composable_expr:  composable_expr.R_SHIFT composable_expr 
	composable_expr:  composable_expr.ADD composable_expr 
	composable_expr:  composable_expr.SUB composable_expr 
	composable_expr:  composable_expr.MUL composable_expr 
	composable_expr:  composable_expr.DIV composable_expr 
	composable_expr:  composable_expr DIV composable_expr.    (33)
	composable_expr:  composable_expr.MOD composable_expr 

	.  reduce 33 (src line 350)


state 67
	composable_expr:  composable_expr.OR composable_expr 
	composable_expr:  composable_expr.AND composable_expr 
	composable_expr:  composable_expr.LT composable_expr 
	composable_expr:  composable_expr.GT composable_expr 
	composable_expr:  composable_expr.EQ composable_expr 
	composable_expr:  composable_expr.NE composable_expr 
	composable_expr:  composable_expr.LE composable_expr 
	composable_expr:  composable_expr.GE composable_expr 
	composable_expr:  composable_expr.BITWISE_OR composable_expr 
	composable_expr:  composable_expr.BITWISE_AND composable_expr 
	composable_expr:  composable_expr.XOR composable_expr 
	composable_expr:  composable_expr.L_SHIFT composable_expr 
	composable_expr:  composable_expr.R_SHIFT composable_expr 
	composable_expr:  composable_expr.ADD composable_expr 
	composable_expr:  composable_expr.SUB composable_expr 
	composable_expr:  composable_expr.MUL composable_expr 
	composable_expr:  composable_expr.DIV composable_expr 
	composable_expr:  composable_expr.MOD composable_expr 
	composable_expr:  composable_expr MOD composable_expr.    (34)

	.  reduce 34 (src line 362)


state 68
	unit_expr:  unit_expr DOT IDENT.    (13)

	.  reduce 13 (src line 125)


state 69
	unit_expr:  unit_expr L_PAREN argument_list.R_PAREN 

	R_PAREN  shift 76
	.  error


state 70
	argument_list:  nonempty_argument_list.    (42)
	nonempty_argument_list:  nonempty_argument_list.COMMA composable_expr 

	COMMA  shift 77
	.  reduce 42 (src line 419)


state 71
	composable_expr:  composable_expr.OR composable_expr 
	composable_expr:  composable_expr.AND composable_expr 
	composable_expr:  composable_expr.LT composable_expr 
	composable_expr:  composable_expr.GT composable_expr 
	composable_expr:  composable_expr.EQ composable_expr 
	composable_expr:  composable_expr.NE composable_expr 
	composable_expr:  composable_expr.LE composable_expr 
	composable_expr:  composable_expr.GE composable_expr 
	composable_expr:  composable_expr.BITWISE_OR composable_expr 
	composable_expr:  composable_expr.BITWISE_AND composable_expr 
	composable_expr:  composable_expr.XOR composable_expr 
	composable_expr:  composable_expr.L_SHIFT composable_expr 
	composable_expr:  composable_expr.R_SHIFT composable_expr 
	composable_expr:  composable_expr.ADD composable_expr 
	composable_expr:  composable_expr.SUB composable_expr 
	composable_expr:  composable_expr.MUL composable_expr 
	composable_expr:  composable_expr.DIV composable_expr 
	composable_expr:  composable_expr.MOD composable_expr 
	nonempty_argument_list:  composable_expr.    (43)

	OR  shift 24
	AND  shift 25
	LT  shift 26
	GT  shift 27
	EQ  shift 28
	NE  shift 29
	LE  shift 30
	GE  shift 31
	BITWISE_OR  shift 32
	BITWISE_AND  shift 33
	XOR  shift 34
	L_SHIFT  shift 35
	R_SHIFT  shift 36
	ADD  shift 37
	SUB  shift 38
	MUL  shift 39
	DIV  shift 40
	MOD  shift 41
	.  reduce 43 (src line 423)


state 72
	unit_expr:  L_PAREN composable_expr R_PAREN.    (15)

	.  reduce 15 (src line 139)


state 73
	expr_block:  L_BRACE statement_list R_BRACE.    (37)

	.  reduce 37 (src line 398)


state 74
	statement_list:  statement statement_list.    (39)

	.  reduce 39 (src line 407)


state 75
	statement:  expr TERMINATOR.    (40)

	.  reduce 40 (src line 411)


state 76
	unit_expr:  unit_expr L_PAREN argument_list R_PAREN.    (14)

	.  reduce 14 (src line 137)


state 77
	nonempty_argument_list:  nonempty_argument_list COMMA.composable_expr 

	L_BRACE  shift 23
	L_PAREN  shift 22
	NOT  shift 15
	SUB  shift 14
	IDENT  shift 16
	CHAR  shift 17
	STRING  shift 18
	INT  shift 19
	FLOAT  shift 20
	.  error

	unit_expr  goto 13
	composable_expr  goto 78
	expr_block  goto 21

state 78
	composable_expr:  composable_expr.OR composable_expr 
	composable_expr:  composable_expr.AND composable_expr 
	composable_expr:  composable_expr.LT composable_expr 
	composable_expr:  composable_expr.GT composable_expr 
	composable_expr:  composable_expr.EQ composable_expr 
	composable_expr:  composable_expr.NE composable_expr 
	composable_expr:  composable_expr.LE composable_expr 
	composable_expr:  composable_expr.GE composable_expr 
	composable_expr:  composable_expr.BITWISE_OR composable_expr 
	composable_expr:  composable_expr.BITWISE_AND composable_expr 
	composable_expr:  composable_expr.XOR composable_expr 
	composable_expr:  composable_expr.L_SHIFT composable_expr 
	composable_expr:  composable_expr.R_SHIFT composable_expr 
	composable_expr:  composable_expr.ADD composable_expr 
	composable_expr:  composable_expr.SUB composable_expr 
	composable_expr:  composable_expr.MUL composable_expr 
	composable_expr:  composable_expr.DIV composable_expr 
	composable_expr:  composable_expr.MOD composable_expr 
	nonempty_argument_list:  nonempty_argument_list COMMA composable_expr.    (44)

	OR  shift 24
	AND  shift 25
	LT  shift 26
	GT  shift 27
	EQ  shift 28
	NE  shift 29
	LE  shift 30
	GE  shift 31
	BITWISE_OR  shift 32
	BITWISE_AND  shift 33
	XOR  shift 34
	L_SHIFT  shift 35
	R_SHIFT  shift 36
	ADD  shift 37
	SUB  shift 38
	MUL  shift 39
	DIV  shift 40
	MOD  shift 41
	.  reduce 44 (src line 426)


45 terminals, 13 nonterminals
46 grammar rules, 79/8000 states
0 shift/reduce, 0 reduce/reduce conflicts reported
62 working sets used
memory: parser 124/120000
58 extra closures
470 shift entries, 1 exceptions
38 goto entries
55 entries saved by goto default
Optimizer space used: output 180/120000
180 table entries, 9 zero
maximum spread: 45, maximum offset: 77
